


ARM Macro Assembler    Page 1 


    1 00000000         ;****************** Lab3.s ***************
    2 00000000         ; Program written by: Safin, Alexa
    3 00000000         ; Date Created: 2/4/2017
    4 00000000         ; Last Modified: 2/13/2022
    5 00000000         ; Brief description of the program
    6 00000000         ;   The LED toggles at 2 Hz and a varying duty-cycle
    7 00000000         ; Hardware connections (External: Two buttons and one LE
                       D)
    8 00000000         ;  Change is Button input  (1 means pressed, 0 means not
                        pressed)
    9 00000000         ;  Breathe is Button input  (1 means pressed, 0 means no
                       t pressed)
   10 00000000         ;  LED is an output (1 activates external LED)
   11 00000000         ; Overall functionality of this system is to operate lik
                       e this
   12 00000000         ;   1) Make LED an output and make Change and Breathe in
                       puts.
   13 00000000         ;   2) The system starts with the the LED toggling at 2H
                       z,
   14 00000000         ;      which is 2 times per second with a duty-cycle of 
                       30%.
   15 00000000         ;      Therefore, the LED is ON for 150ms and off for 35
                       0 ms.
   16 00000000         ;   3) When the Change button is pressed-and-released in
                       crease
   17 00000000         ;      the duty cycle by 20% (modulo 100%). Therefore fo
                       r each
   18 00000000         ;      press-and-release the duty cycle changes from 30%
                        to 70% to 70%
   19 00000000         ;      to 90% to 10% to 30% so on
   20 00000000         ;   4) Implement a "breathing LED" when Breathe Switch i
                       s pressed:
   21 00000000         ; PortE device registers
   22 00000000 400243FC 
                       GPIO_PORTE_DATA_R
                               EQU              0x400243FC
   23 00000000 40024400 
                       GPIO_PORTE_DIR_R
                               EQU              0x40024400
   24 00000000 4002451C 
                       GPIO_PORTE_DEN_R
                               EQU              0x4002451C
   25 00000000 400FE608 
                       SYSCTL_RCGCGPIO_R
                               EQU              0x400FE608
   26 00000000         
   27 00000000                 IMPORT           TExaS_Init
   28 00000000                 THUMB
   29 00000000                 AREA             DATA, ALIGN=2
   30 00000000         ;global variables go here
   31 00000000         
   32 00000000                 AREA             |.text|, CODE, READONLY, ALIGN=
2
   33 00000000                 THUMB
   34 00000000                 EXPORT           EID1
   35 00000000 61 76 33 
              36 37 35 
              36 00    EID1    DCB              "av36756",0 ;replace ABC123 wit
                                                            h your EID



ARM Macro Assembler    Page 2 


   36 00000008                 EXPORT           EID2
   37 00000008 73 72 72 
              33 32 38 
              38 00    EID2    DCB              "srr3288",0 ;replace ABC123 wit
                                                            h your EID
   38 00000010                 ALIGN            4
   39 00000010         
   40 00000010                 EXPORT           Start
   41 00000010         
   42 00000010         Start
   43 00000010         ; TExaS_Init sets bus clock at 80 MHz, interrupts, ADC1,
                        TIMER3, TIMER5, and UART0
   44 00000010 F04F 0002       MOV              R0,#2       ;0 for TExaS oscill
                                                            oscope, 1 for PORTE
                                                             logic analyzer, 2 
                                                            for Lab3 grader, 3 
                                                            for none
   45 00000014 F7FF FFFE       BL               TExaS_Init  ;enables interrupts
                                                            , prints the pin se
                                                            lections based on E
                                                            ID1 EID2
   46 00000018         ; Your Initialization goes here
   47 00000018 4887            LDR              R0, =SYSCTL_RCGCGPIO_R
   48 0000001A 6801            LDR              R1, [R0]
   49 0000001C F041 0110       ORR              R1, #0x10
   50 00000020 6001            STR              R1, [R0]
   51 00000022 BF00            NOP
   52 00000024 BF00            NOP
   53 00000026         
   54 00000026 4885            LDR              R0, =GPIO_PORTE_DIR_R
   55 00000028 6801            LDR              R1, [R0]
   56 0000002A F041 0120       ORR              R1, #0x020
   57 0000002E F021 0106       BIC              R1, #0x06
   58 00000032 6001            STR              R1, [R0]
   59 00000034         
   60 00000034 4882            LDR              R0, =GPIO_PORTE_DEN_R
   61 00000036 6801            LDR              R1, [R0]
   62 00000038 F041 0126       ORR              R1, #0x26
   63 0000003C 6001            STR              R1, [R0]
   64 0000003E         
   65 0000003E 4881            LDR              R0, =GPIO_PORTE_DATA_R
   66 00000040         
   67 00000040         
   68 00000040         Loop
   69 00000040         ; main engine goes here
   70 00000040 F04F 0403       MOV              R4, #3
   71 00000044         Repeat
   72 00000044 6801            LDR              R1, [R0]
   73 00000046 F011 0104       ANDS             R1, R1, #4
   74 0000004A D133            BNE              BreatheTen
   75 0000004C         
   76 0000004C 6801            LDR              R1, [R0]
   77 0000004E F011 0102       ANDS             R1, R1, #2
   78 00000052 D109            BNE              Next
   79 00000054         Here
   80 00000054 2C03            CMP              R4, #3
   81 00000056 D014            BEQ              Thirty
   82 00000058 2C05            CMP              R4, #5
   83 0000005A D017            BEQ              Fifty



ARM Macro Assembler    Page 3 


   84 0000005C 2C07            CMP              R4, #7
   85 0000005E D01A            BEQ              Seventy
   86 00000060 2C09            CMP              R4, #9
   87 00000062 D01D            BEQ              Ninety
   88 00000064 2C01            CMP              R4, #1
   89 00000066 D020            BEQ              Ten
   90 00000068         
   91 00000068         Next
   92 00000068 F104 0402       ADD              R4, R4, #2
   93 0000006C 2C0B            CMP              R4, #11
   94 0000006E D000            BEQ              Back
   95 00000070 E002            B                Hold
   96 00000072         Back
   97 00000072 F04F 0401       MOV              R4, #1
   98 00000076 E7FF            B                Hold
   99 00000078         Hold
  100 00000078 6801            LDR              R1, [R0]
  101 0000007A F011 0102       ANDS             R1, R1, #2
  102 0000007E D0E9            BEQ              Here
  103 00000080 E7FA            B                Hold
  104 00000082         
  105 00000082         
  106 00000082         Thirty
  107 00000082 4E71            LDR              R6, = 3000000
  108 00000084 4F71            LDR              R7, = 7000000
  109 00000086 F000 F8C7       BL               LED
  110 0000008A E7DB            B                Repeat
  111 0000008C         Fifty
  112 0000008C 4E70            LDR              R6, = 5000000
  113 0000008E 4F70            LDR              R7, = 5000000
  114 00000090 F000 F8C2       BL               LED
  115 00000094 E7D6            B                Repeat
  116 00000096         Seventy
  117 00000096 4E6D            LDR              R6, = 7000000
  118 00000098 4F6B            LDR              R7, = 3000000
  119 0000009A F000 F8BD       BL               LED
  120 0000009E E7D1            B                Repeat
  121 000000A0         Ninety
  122 000000A0 4E6C            LDR              R6, = 9000000
  123 000000A2 4F6D            LDR              R7, = 1000000
  124 000000A4 F000 F8B8       BL               LED
  125 000000A8 E7CC            B                Repeat
  126 000000AA         Ten
  127 000000AA 4E6B            LDR              R6, = 1000000
  128 000000AC 4F69            LDR              R7, = 9000000
  129 000000AE F000 F8B3       BL               LED
  130 000000B2 E7C7            B                Repeat
  131 000000B4         
  132 000000B4         
  133 000000B4         
  134 000000B4         
  135 000000B4         ;BREATHE CODE STARTS HERE
  136 000000B4         
  137 000000B4         BreatheTen
  138 000000B4 F04F 0800       MOV              R8, #0
  139 000000B8 F04F 097D       MOV              R9, #125    ;time
  140 000000BC         DoneTen
  141 000000BC F44F 767A       LDR              R6, = 1000
  142 000000C0 F242 3728       LDR              R7, = 9000



ARM Macro Assembler    Page 4 


  143 000000C4 F000 F8A8       BL               LED
  144 000000C8 F1B9 0901       SUBS             R9, R9, #1
  145 000000CC D1F6            BNE              DoneTen
  146 000000CE 6801            LDR              R1, [R0]
  147 000000D0 F011 0104       ANDS             R1, R1, #4
  148 000000D4 D0B4            BEQ              Loop
  149 000000D6 F1B8 0F00       CMP              R8, #0
  150 000000DA D000            BEQ              BreatheTwenty
  151 000000DC E089            B                BreatheNinety
  152 000000DE         
  153 000000DE         BreatheTwenty
  154 000000DE F04F 097D       MOV              R9, #125    ;time
  155 000000E2         DoneTwenty
  156 000000E2 F44F 66FA       LDR              R6, = 2000
  157 000000E6 F44F 57FA       LDR              R7, = 8000
  158 000000EA F000 F895       BL               LED
  159 000000EE F1B9 0901       SUBS             R9, R9, #1
  160 000000F2 D1F6            BNE              DoneTwenty
  161 000000F4 6801            LDR              R1, [R0]
  162 000000F6 F011 0104       ANDS             R1, R1, #4
  163 000000FA D0A1            BEQ              Loop
  164 000000FC F1B8 0F00       CMP              R8, #0
  165 00000100 D000            BEQ              BreatheThirty
  166 00000102 E7D7            B                BreatheTen
  167 00000104         
  168 00000104         BreatheThirty
  169 00000104 F04F 097D       MOV              R9, #125    ;time
  170 00000108         DoneThirty
  171 00000108 F640 36B8       LDR              R6, = 3000
  172 0000010C F641 3758       LDR              R7, = 7000
  173 00000110 F000 F882       BL               LED
  174 00000114 F1B9 0901       SUBS             R9, R9, #1
  175 00000118 D1F6            BNE              DoneThirty
  176 0000011A 6801            LDR              R1, [R0]
  177 0000011C F011 0104       ANDS             R1, R1, #4
  178 00000120 D08E            BEQ              Loop
  179 00000122 F1B8 0F00       CMP              R8, #0
  180 00000126 D000            BEQ              BreatheForty
  181 00000128 E7D9            B                BreatheTwenty
  182 0000012A         
  183 0000012A         BreatheForty
  184 0000012A F04F 097D       MOV              R9, #125    ;time
  185 0000012E         DoneForty
  186 0000012E F44F 667A       LDR              R6, = 4000
  187 00000132 F241 7770       LDR              R7, = 6000
  188 00000136 F000 F86F       BL               LED
  189 0000013A F1B9 0901       SUBS             R9, R9, #1
  190 0000013E D1F6            BNE              DoneForty
  191 00000140 6801            LDR              R1, [R0]
  192 00000142 F011 0104       ANDS             R1, R1, #4
  193 00000146 F43F AF7B       BEQ              Loop
  194 0000014A F1B8 0F00       CMP              R8, #0
  195 0000014E D000            BEQ              BreatheFifty
  196 00000150 E7D8            B                BreatheThirty
  197 00000152         
  198 00000152         BreatheFifty
  199 00000152 F04F 097D       MOV              R9, #125    ;time
  200 00000156         DoneFifty
  201 00000156 F241 3688       LDR              R6, = 5000



ARM Macro Assembler    Page 5 


  202 0000015A F241 3788       LDR              R7, = 5000
  203 0000015E F000 F85B       BL               LED
  204 00000162 F1B9 0901       SUBS             R9, R9, #1
  205 00000166 D1F6            BNE              DoneFifty
  206 00000168 6801            LDR              R1, [R0]
  207 0000016A F011 0104       ANDS             R1, R1, #4
  208 0000016E F43F AF67       BEQ              Loop
  209 00000172 F1B8 0F00       CMP              R8, #0
  210 00000176 D000            BEQ              BreatheSixty
  211 00000178 E7D7            B                BreatheForty
  212 0000017A         
  213 0000017A         BreatheSixty
  214 0000017A F04F 097D       MOV              R9, #125    ;time
  215 0000017E         DoneSixty
  216 0000017E F241 7670       LDR              R6, = 6000
  217 00000182 F44F 677A       LDR              R7, = 4000
  218 00000186 F000 F847       BL               LED
  219 0000018A F1B9 0901       SUBS             R9, R9, #1
  220 0000018E D1F6            BNE              DoneSixty
  221 00000190 6801            LDR              R1, [R0]
  222 00000192 F011 0104       ANDS             R1, R1, #4
  223 00000196 F43F AF53       BEQ              Loop
  224 0000019A F1B8 0F00       CMP              R8, #0
  225 0000019E D000            BEQ              BreatheSeventy
  226 000001A0 E7D7            B                BreatheFifty
  227 000001A2         
  228 000001A2         BreatheSeventy
  229 000001A2 F04F 097D       MOV              R9, #125    ;time
  230 000001A6         DoneSeventy
  231 000001A6 F641 3658       LDR              R6, = 7000
  232 000001AA F640 37B8       LDR              R7, = 3000
  233 000001AE F000 F833       BL               LED
  234 000001B2 F1B9 0901       SUBS             R9, R9, #1
  235 000001B6 D1F6            BNE              DoneSeventy
  236 000001B8 6801            LDR              R1, [R0]
  237 000001BA F011 0104       ANDS             R1, R1, #4
  238 000001BE F43F AF3F       BEQ              Loop
  239 000001C2 F1B8 0F00       CMP              R8, #0
  240 000001C6 D000            BEQ              BreatheEighty
  241 000001C8 E7D7            B                BreatheSixty
  242 000001CA         
  243 000001CA         BreatheEighty
  244 000001CA F04F 097D       MOV              R9, #125    ;time
  245 000001CE         DoneEighty
  246 000001CE F44F 56FA       LDR              R6, = 8000
  247 000001D2 F44F 67FA       LDR              R7, = 2000
  248 000001D6 F000 F81F       BL               LED
  249 000001DA F1B9 0901       SUBS             R9, R9, #1
  250 000001DE D1F6            BNE              DoneEighty
  251 000001E0 6801            LDR              R1, [R0]
  252 000001E2 F011 0104       ANDS             R1, R1, #4
  253 000001E6 F43F AF2B       BEQ              Loop
  254 000001EA F1B8 0F00       CMP              R8, #0
  255 000001EE D000            BEQ              BreatheNinety
  256 000001F0 E7D7            B                BreatheSeventy
  257 000001F2         
  258 000001F2         BreatheNinety
  259 000001F2 F04F 097D       MOV              R9, #125    ;time
  260 000001F6         DoneNinety



ARM Macro Assembler    Page 6 


  261 000001F6 F242 3628       LDR              R6, = 9000
  262 000001FA F44F 777A       LDR              R7, = 1000
  263 000001FE F000 F80B       BL               LED
  264 00000202 F1B9 0901       SUBS             R9, R9, #1
  265 00000206 D1F6            BNE              DoneNinety
  266 00000208 6801            LDR              R1, [R0]
  267 0000020A F011 0104       ANDS             R1, R1, #4
  268 0000020E F43F AF17       BEQ              Loop
  269 00000212 F04F 0801       MOV              R8, #1
  270 00000216 E7D8            B                BreatheEighty
  271 00000218         
  272 00000218         
  273 00000218         
  274 00000218         ;FLASH LED SUBROUTINE
  275 00000218         
  276 00000218         LED
  277 00000218 6801            LDR              R1, [R0]
  278 0000021A F041 0120       ORR              R1, #0x20
  279 0000021E 6001            STR              R1, [R0]
  280 00000220 F106 0200       ADD              R2, R6, #0
  281 00000224         DELAYNMS_ON
  282 00000224 3A01            SUBS             R2, #1
  283 00000226 D1FD            BNE              DELAYNMS_ON
  284 00000228 F021 0120       BIC              R1, #0x20
  285 0000022C F107 0200       ADD              R2, R7, #0
  286 00000230 6001            STR              R1, [R0]
  287 00000232         DELAYNMS_OFF
  288 00000232 3A01            SUBS             R2, #1
  289 00000234 D1FD            BNE              DELAYNMS_OFF
  290 00000236 4770            BX               LR
  291 00000238         
  292 00000238         
  293 00000238                 ALIGN                        ; make sure the end
                                                             of this section is
                                                             aligned
  294 00000238                 END                          ; end of file
              400FE608 
              40024400 
              4002451C 
              400243FC 
              002DC6C0 
              006ACFC0 
              004C4B40 
              00895440 
              000F4240 
Command Line: --debug --xref --diag_suppress=9931 --cpu=Cortex-M4 --apcs=interw
ork --depend=.\lab3.d -o.\lab3.o -I.\RTE\_Lab3 -IC:\Users\safin\AppData\Local\A
rm\Packs\ARM\CMSIS\5.8.0\CMSIS\Core\Include -IC:\Users\safin\AppData\Local\Arm\
Packs\Keil\TM4C_DFP\1.1.0\Device\Include\TM4C123 --predefine="__EVAL SETA 1" --
predefine="__UVISION_VERSION SETA 536" --predefine="_RTE_ SETA 1" --predefine="
TM4C123GH6PM SETA 1" --predefine="_RTE_ SETA 1" --list=.\lab3.lst Lab3.s



ARM Macro Assembler    Page 1 Alphabetic symbol ordering
Relocatable symbols

DATA 00000000

Symbol: DATA
   Definitions
      At line 29 in file Lab3.s
   Uses
      None
Comment: DATA unused
1 symbol



ARM Macro Assembler    Page 1 Alphabetic symbol ordering
Relocatable symbols

.text 00000000

Symbol: .text
   Definitions
      At line 32 in file Lab3.s
   Uses
      None
Comment: .text unused
Back 00000072

Symbol: Back
   Definitions
      At line 96 in file Lab3.s
   Uses
      At line 94 in file Lab3.s
Comment: Back used once
BreatheEighty 000001CA

Symbol: BreatheEighty
   Definitions
      At line 243 in file Lab3.s
   Uses
      At line 240 in file Lab3.s
      At line 270 in file Lab3.s

BreatheFifty 00000152

Symbol: BreatheFifty
   Definitions
      At line 198 in file Lab3.s
   Uses
      At line 195 in file Lab3.s
      At line 226 in file Lab3.s

BreatheForty 0000012A

Symbol: BreatheForty
   Definitions
      At line 183 in file Lab3.s
   Uses
      At line 180 in file Lab3.s
      At line 211 in file Lab3.s

BreatheNinety 000001F2

Symbol: BreatheNinety
   Definitions
      At line 258 in file Lab3.s
   Uses
      At line 151 in file Lab3.s
      At line 255 in file Lab3.s

BreatheSeventy 000001A2

Symbol: BreatheSeventy
   Definitions
      At line 228 in file Lab3.s
   Uses
      At line 225 in file Lab3.s



ARM Macro Assembler    Page 2 Alphabetic symbol ordering
Relocatable symbols

      At line 256 in file Lab3.s

BreatheSixty 0000017A

Symbol: BreatheSixty
   Definitions
      At line 213 in file Lab3.s
   Uses
      At line 210 in file Lab3.s
      At line 241 in file Lab3.s

BreatheTen 000000B4

Symbol: BreatheTen
   Definitions
      At line 137 in file Lab3.s
   Uses
      At line 74 in file Lab3.s
      At line 166 in file Lab3.s

BreatheThirty 00000104

Symbol: BreatheThirty
   Definitions
      At line 168 in file Lab3.s
   Uses
      At line 165 in file Lab3.s
      At line 196 in file Lab3.s

BreatheTwenty 000000DE

Symbol: BreatheTwenty
   Definitions
      At line 153 in file Lab3.s
   Uses
      At line 150 in file Lab3.s
      At line 181 in file Lab3.s

DELAYNMS_OFF 00000232

Symbol: DELAYNMS_OFF
   Definitions
      At line 287 in file Lab3.s
   Uses
      At line 289 in file Lab3.s
Comment: DELAYNMS_OFF used once
DELAYNMS_ON 00000224

Symbol: DELAYNMS_ON
   Definitions
      At line 281 in file Lab3.s
   Uses
      At line 283 in file Lab3.s
Comment: DELAYNMS_ON used once
DoneEighty 000001CE

Symbol: DoneEighty
   Definitions
      At line 245 in file Lab3.s



ARM Macro Assembler    Page 3 Alphabetic symbol ordering
Relocatable symbols

   Uses
      At line 250 in file Lab3.s
Comment: DoneEighty used once
DoneFifty 00000156

Symbol: DoneFifty
   Definitions
      At line 200 in file Lab3.s
   Uses
      At line 205 in file Lab3.s
Comment: DoneFifty used once
DoneForty 0000012E

Symbol: DoneForty
   Definitions
      At line 185 in file Lab3.s
   Uses
      At line 190 in file Lab3.s
Comment: DoneForty used once
DoneNinety 000001F6

Symbol: DoneNinety
   Definitions
      At line 260 in file Lab3.s
   Uses
      At line 265 in file Lab3.s
Comment: DoneNinety used once
DoneSeventy 000001A6

Symbol: DoneSeventy
   Definitions
      At line 230 in file Lab3.s
   Uses
      At line 235 in file Lab3.s
Comment: DoneSeventy used once
DoneSixty 0000017E

Symbol: DoneSixty
   Definitions
      At line 215 in file Lab3.s
   Uses
      At line 220 in file Lab3.s
Comment: DoneSixty used once
DoneTen 000000BC

Symbol: DoneTen
   Definitions
      At line 140 in file Lab3.s
   Uses
      At line 145 in file Lab3.s
Comment: DoneTen used once
DoneThirty 00000108

Symbol: DoneThirty
   Definitions
      At line 170 in file Lab3.s
   Uses
      At line 175 in file Lab3.s
Comment: DoneThirty used once



ARM Macro Assembler    Page 4 Alphabetic symbol ordering
Relocatable symbols

DoneTwenty 000000E2

Symbol: DoneTwenty
   Definitions
      At line 155 in file Lab3.s
   Uses
      At line 160 in file Lab3.s
Comment: DoneTwenty used once
EID1 00000000

Symbol: EID1
   Definitions
      At line 35 in file Lab3.s
   Uses
      At line 34 in file Lab3.s
Comment: EID1 used once
EID2 00000008

Symbol: EID2
   Definitions
      At line 37 in file Lab3.s
   Uses
      At line 36 in file Lab3.s
Comment: EID2 used once
Fifty 0000008C

Symbol: Fifty
   Definitions
      At line 111 in file Lab3.s
   Uses
      At line 83 in file Lab3.s
Comment: Fifty used once
Here 00000054

Symbol: Here
   Definitions
      At line 79 in file Lab3.s
   Uses
      At line 102 in file Lab3.s
Comment: Here used once
Hold 00000078

Symbol: Hold
   Definitions
      At line 99 in file Lab3.s
   Uses
      At line 95 in file Lab3.s
      At line 98 in file Lab3.s
      At line 103 in file Lab3.s

LED 00000218

Symbol: LED
   Definitions
      At line 276 in file Lab3.s
   Uses
      At line 109 in file Lab3.s
      At line 114 in file Lab3.s
      At line 119 in file Lab3.s



ARM Macro Assembler    Page 5 Alphabetic symbol ordering
Relocatable symbols

      At line 124 in file Lab3.s
      At line 129 in file Lab3.s
      At line 143 in file Lab3.s
      At line 158 in file Lab3.s
      At line 173 in file Lab3.s
      At line 188 in file Lab3.s
      At line 203 in file Lab3.s
      At line 218 in file Lab3.s
      At line 233 in file Lab3.s
      At line 248 in file Lab3.s
      At line 263 in file Lab3.s

Loop 00000040

Symbol: Loop
   Definitions
      At line 68 in file Lab3.s
   Uses
      At line 148 in file Lab3.s
      At line 163 in file Lab3.s
      At line 178 in file Lab3.s
      At line 193 in file Lab3.s
      At line 208 in file Lab3.s
      At line 223 in file Lab3.s
      At line 238 in file Lab3.s
      At line 253 in file Lab3.s
      At line 268 in file Lab3.s

Next 00000068

Symbol: Next
   Definitions
      At line 91 in file Lab3.s
   Uses
      At line 78 in file Lab3.s
Comment: Next used once
Ninety 000000A0

Symbol: Ninety
   Definitions
      At line 121 in file Lab3.s
   Uses
      At line 87 in file Lab3.s
Comment: Ninety used once
Repeat 00000044

Symbol: Repeat
   Definitions
      At line 71 in file Lab3.s
   Uses
      At line 110 in file Lab3.s
      At line 115 in file Lab3.s
      At line 120 in file Lab3.s
      At line 125 in file Lab3.s
      At line 130 in file Lab3.s

Seventy 00000096

Symbol: Seventy



ARM Macro Assembler    Page 6 Alphabetic symbol ordering
Relocatable symbols

   Definitions
      At line 116 in file Lab3.s
   Uses
      At line 85 in file Lab3.s
Comment: Seventy used once
Start 00000010

Symbol: Start
   Definitions
      At line 42 in file Lab3.s
   Uses
      At line 40 in file Lab3.s
Comment: Start used once
Ten 000000AA

Symbol: Ten
   Definitions
      At line 126 in file Lab3.s
   Uses
      At line 89 in file Lab3.s
Comment: Ten used once
Thirty 00000082

Symbol: Thirty
   Definitions
      At line 106 in file Lab3.s
   Uses
      At line 81 in file Lab3.s
Comment: Thirty used once
36 symbols



ARM Macro Assembler    Page 1 Alphabetic symbol ordering
Absolute symbols

GPIO_PORTE_DATA_R 400243FC

Symbol: GPIO_PORTE_DATA_R
   Definitions
      At line 22 in file Lab3.s
   Uses
      At line 65 in file Lab3.s
Comment: GPIO_PORTE_DATA_R used once
GPIO_PORTE_DEN_R 4002451C

Symbol: GPIO_PORTE_DEN_R
   Definitions
      At line 24 in file Lab3.s
   Uses
      At line 60 in file Lab3.s
Comment: GPIO_PORTE_DEN_R used once
GPIO_PORTE_DIR_R 40024400

Symbol: GPIO_PORTE_DIR_R
   Definitions
      At line 23 in file Lab3.s
   Uses
      At line 54 in file Lab3.s
Comment: GPIO_PORTE_DIR_R used once
SYSCTL_RCGCGPIO_R 400FE608

Symbol: SYSCTL_RCGCGPIO_R
   Definitions
      At line 25 in file Lab3.s
   Uses
      At line 47 in file Lab3.s
Comment: SYSCTL_RCGCGPIO_R used once
4 symbols



ARM Macro Assembler    Page 1 Alphabetic symbol ordering
External symbols

TExaS_Init 00000000

Symbol: TExaS_Init
   Definitions
      At line 27 in file Lab3.s
   Uses
      At line 45 in file Lab3.s
Comment: TExaS_Init used once
1 symbol
378 symbols in table
