


ARM Macro Assembler    Page 1 


    1 00000000 00000000 
                       sum     EQU              0           ;32-bit local varia
                                                            ble, stored on the 
                                                            stack
    2 00000000 00000004 
                       i       EQU              4           ;32-bit local varia
                                                            ble, stored on the 
                                                            stack
    3 00000000         
    4 00000000                 IMPORT           ST7735_OutChar
    5 00000000                 IMPORT           ST7735_OutString
    6 00000000                 EXPORT           LCD_OutDec
    7 00000000                 EXPORT           LCD_OutFix
    8 00000000         
    9 00000000                 AREA             |.text|, CODE, READONLY, ALIGN=
2
   10 00000000                 THUMB
   11 00000000         
   12 00000000         
   13 00000000         ;-----------------------LCD_OutDec----------------------
                       -
   14 00000000         ; Output a 32-bit number in unsigned decimal format
   15 00000000         ; Input: R0 (call by value) 32-bit unsigned number
   16 00000000         ; Output: none
   17 00000000         ; Invariables: This function must not permanently modify
                        registers R4 to R11
   18 00000000         ; R0=0,    then output "0"
   19 00000000         ; R0=3,    then output "3"
   20 00000000         ; R0=89,   then output "89"
   21 00000000         ; R0=123,  then output "123"
   22 00000000         ; R0=9999, then output "9999"
   23 00000000         ; R0=4294967295, then output "4294967295"
   24 00000000         LCD_OutDec
   25 00000000 B501            PUSH             {LR, R0}
   26 00000002         
   27 00000002 B082            SUB              SP, #8      ;Allocation
   28 00000004         
   29 00000004 280A            CMP              R0, #10
   30 00000006 D30F            BLO              baseOutDec
   31 00000008         
   32 00000008 F04F 030A       MOV              R3, #10
   33 0000000C FBB0 F2F3       UDIV             R2, R0, R3  ;R2 = R0/10
   34 00000010 FB02 0113       MLS              R1, R2, R3, R0 ;R1 = R0 - R2*R3
                                                             (remainder)
   35 00000014 4610            MOV              R0, R2      ;new R0
   36 00000016 9100            STR              R1, [SP, #sum] ;new input store
                                                            d in stack
   37 00000018 F7FF FFFE       BL               LCD_OutDec  ;start over
   38 0000001C         
   39 0000001C 9800            LDR              R0, [SP, #sum] ;last digit load
                                                             from stack
   40 0000001E F100 0030       ADD              R0, #48     ;convert to ascii
   41 00000022 F7FF FFFE       BL               ST7735_OutChar ;print ascii
   42 00000026 E003            B                finish_dec  ;output character
   43 00000028         
   44 00000028         baseOutDec
   45 00000028 F100 0030       ADD              R0, #48
   46 0000002C F7FF FFFE       BL               ST7735_OutChar ;print ascii (si
                                                            ngle digit)



ARM Macro Assembler    Page 2 


   47 00000030         
   48 00000030         finish_dec
   49 00000030         
   50 00000030 B002            ADD              SP, #8      ;Deallocation
   51 00000032         
   52 00000032 E8BD 4001       POP              {LR, R0}
   53 00000036         
   54 00000036 4770            BX               LR
   55 00000038         ;* * * * * * * * End of LCD_OutDec * * * * * * * *
   56 00000038         
   57 00000038         ; -----------------------LCD _OutFix--------------------
                       --
   58 00000038         ; Output characters to LCD display in fixed-point format
                       
   59 00000038         ; unsigned decimal, resolution 0.001, range 0.000 to 9.9
                       99
   60 00000038         ; Inputs:  R0 is an unsigned 32-bit number
   61 00000038         ; Outputs: none
   62 00000038         ; E.g., R0=0,    then output "0.000"
   63 00000038         ;       R0=3,    then output "0.003"
   64 00000038         ;       R0=89,   then output "0.089"
   65 00000038         ;       R0=123,  then output "0.123"
   66 00000038         ;       R0=9999, then output "9.999"
   67 00000038         ;       R0>9999, then output "*.***"
   68 00000038         ; Invariables: This function must not permanently modify
                        registers R4 to R11
   69 00000038         LCD_OutFix
   70 00000038         
   71 00000038 F04F 0100       MOV              R1, #0      ;digit counter init
                                                            ialize
   72 0000003C         
   73 0000003C         OutFix
   74 0000003C         
   75 0000003C B510            PUSH             {R4, LR}
   76 0000003E         
   77 0000003E B082            SUB              SP, #8      ;Allocation
   78 00000040         
   79 00000040 F242 7410       MOV              R4, #10000
   80 00000044 42A0            CMP              R0, R4
   81 00000046 D21B            BHS              Asterisk    ;check to see if to
                                                            o big
   82 00000048         
   83 00000048 2904            CMP              R1, #4      ;digits/character c
                                                            ounter, if 4 digits
                                                             printed, done
   84 0000004A D02D            BEQ              finish_fix
   85 0000004C         
   86 0000004C F04F 030A       MOV              R3, #10
   87 00000050 FBB0 F2F3       UDIV             R2, R0, R3  ;R2 = R0/10
   88 00000054 FB02 0413       MLS              R4, R2, R3, R0 ;R4 = R0 - R2*R3
                                                            
   89 00000058 4610            MOV              R0, R2      ;new R0
   90 0000005A 9400            STR              R4, [SP, #sum] ;new input store
                                                            d in stack
   91 0000005C 9101            STR              R1, [SP, #i] ;digit counter sto
                                                            red in stack
   92 0000005E F101 0101       ADD              R1, #1      ;+1 digit ptint
   93 00000062 F7FF FFEB       BL               OutFix
   94 00000066         



ARM Macro Assembler    Page 3 


   95 00000066 9800            LDR              R0, [SP, #sum] ;load digit
   96 00000068 F100 0030       ADD              R0, #48     ;convert to ascii
   97 0000006C F7FF FFFE       BL               ST7735_OutChar ;print
   98 00000070         
   99 00000070 9901            LDR              R1, [SP, #i] ;load content from
                                                             stack
  100 00000072 2903            CMP              R1, #3      ;decimal counter
  101 00000074 D118            BNE              finish_fix  ;leave
  102 00000076         
  103 00000076 F04F 002E       MOV              R0, #46     ;ascii for period(.
                                                            )
  104 0000007A F7FF FFFE       BL               ST7735_OutChar
  105 0000007E E013            B                finish_fix  ;leave
  106 00000080         
  107 00000080         Asterisk
  108 00000080         
  109 00000080 F04F 002A       MOV              R0, #42
  110 00000084 F7FF FFFE       BL               ST7735_OutChar ;(*).***
  111 00000088 F04F 002E       MOV              R0, #46
  112 0000008C F7FF FFFE       BL               ST7735_OutChar ;*(.)***
  113 00000090 F04F 002A       MOV              R0, #42
  114 00000094 F7FF FFFE       BL               ST7735_OutChar ;*.(*)**
  115 00000098 F04F 002A       MOV              R0, #42
  116 0000009C F7FF FFFE       BL               ST7735_OutChar ;*.*(*)*
  117 000000A0 F04F 002A       MOV              R0, #42
  118 000000A4 F7FF FFFE       BL               ST7735_OutChar ;*.**(*)
  119 000000A8         
  120 000000A8         finish_fix
  121 000000A8         
  122 000000A8 B002            ADD              SP, #8      ;Deallocation
  123 000000AA         
  124 000000AA         
  125 000000AA E8BD 4010       POP              {R4, LR}
  126 000000AE         
  127 000000AE         
  128 000000AE 4770            BX               LR
  129 000000B0         
  130 000000B0                 ALIGN
  131 000000B0         ;* * * * * * * * End of LCD_OutFix * * * * * * * *
  132 000000B0         
  133 000000B0                 ALIGN                        ; make sure the end
                                                             of this section is
                                                             aligned
  134 000000B0                 END                          ; end of file
Command Line: --debug --xref --diag_suppress=9931 --cpu=Cortex-M4 --apcs=interw
ork --depend=.\print.d -o.\print.o -I.\RTE\_Lab8 -IC:\Users\safin\AppData\Local
\Arm\Packs\ARM\CMSIS\5.8.0\CMSIS\Core\Include -IC:\Users\safin\AppData\Local\Ar
m\Packs\Keil\TM4C_DFP\1.1.0\Device\Include\TM4C123 --predefine="__EVAL SETA 1" 
--predefine="__UVISION_VERSION SETA 536" --predefine="_RTE_ SETA 1" --predefine
="TM4C123GH6PM SETA 1" --predefine="_RTE_ SETA 1" --list=.\print.lst Print.s



ARM Macro Assembler    Page 1 Alphabetic symbol ordering
Relocatable symbols

.text 00000000

Symbol: .text
   Definitions
      At line 9 in file Print.s
   Uses
      None
Comment: .text unused
Asterisk 00000080

Symbol: Asterisk
   Definitions
      At line 107 in file Print.s
   Uses
      At line 81 in file Print.s
Comment: Asterisk used once
LCD_OutDec 00000000

Symbol: LCD_OutDec
   Definitions
      At line 24 in file Print.s
   Uses
      At line 6 in file Print.s
      At line 37 in file Print.s

LCD_OutFix 00000038

Symbol: LCD_OutFix
   Definitions
      At line 69 in file Print.s
   Uses
      At line 7 in file Print.s
Comment: LCD_OutFix used once
OutFix 0000003C

Symbol: OutFix
   Definitions
      At line 73 in file Print.s
   Uses
      At line 93 in file Print.s
Comment: OutFix used once
baseOutDec 00000028

Symbol: baseOutDec
   Definitions
      At line 44 in file Print.s
   Uses
      At line 30 in file Print.s
Comment: baseOutDec used once
finish_dec 00000030

Symbol: finish_dec
   Definitions
      At line 48 in file Print.s
   Uses
      At line 42 in file Print.s
Comment: finish_dec used once
finish_fix 000000A8




ARM Macro Assembler    Page 2 Alphabetic symbol ordering
Relocatable symbols

Symbol: finish_fix
   Definitions
      At line 120 in file Print.s
   Uses
      At line 84 in file Print.s
      At line 101 in file Print.s
      At line 105 in file Print.s

8 symbols



ARM Macro Assembler    Page 1 Alphabetic symbol ordering
Absolute symbols

i 00000004

Symbol: i
   Definitions
      At line 2 in file Print.s
   Uses
      At line 91 in file Print.s
      At line 99 in file Print.s

sum 00000000

Symbol: sum
   Definitions
      At line 1 in file Print.s
   Uses
      At line 36 in file Print.s
      At line 39 in file Print.s
      At line 90 in file Print.s
      At line 95 in file Print.s

2 symbols



ARM Macro Assembler    Page 1 Alphabetic symbol ordering
External symbols

ST7735_OutChar 00000000

Symbol: ST7735_OutChar
   Definitions
      At line 4 in file Print.s
   Uses
      At line 41 in file Print.s
      At line 46 in file Print.s
      At line 97 in file Print.s
      At line 104 in file Print.s
      At line 110 in file Print.s
      At line 112 in file Print.s
      At line 114 in file Print.s
      At line 116 in file Print.s
      At line 118 in file Print.s

ST7735_OutString 00000000

Symbol: ST7735_OutString
   Definitions
      At line 5 in file Print.s
   Uses
      None
Comment: ST7735_OutString unused
2 symbols
346 symbols in table
