


ARM Macro Assembler    Page 1 


    1 00000000         ; LCD.s
    2 00000000         ; Student names: Safin, Alexa
    3 00000000         ; Last modification date: change this to the last modifi
                       cation date or look very silly
    4 00000000         
    5 00000000         ; Runs on TM4C123
    6 00000000         ; Use SSI0 to send an 8-bit code to the ST7735 160x128 p
                       ixel LCD.
    7 00000000         
    8 00000000         ; As part of Lab 7, students need to implement these wri
                       tecommand and writedata
    9 00000000         ; This driver assumes two low-level LCD functions
   10 00000000         
   11 00000000         ; Backlight (pin 10) connected to +3.3 V
   12 00000000         ; MISO (pin 9) unconnected
   13 00000000         ; SCK (pin 8) connected to PA2 (SSI0Clk)
   14 00000000         ; MOSI (pin 7) connected to PA5 (SSI0Tx)
   15 00000000         ; TFT_CS (pin 6) connected to PA3 (SSI0Fss)
   16 00000000         ; CARD_CS (pin 5) unconnected
   17 00000000         ; Data/Command (pin 4) connected to PA6 (GPIO)
   18 00000000         ; RESET (pin 3) connected to PA7 (GPIO)
   19 00000000         ; VCC (pin 2) connected to +3.3 V
   20 00000000         ; Gnd (pin 1) connected to ground
   21 00000000         
   22 00000000 400043FC 
                       GPIO_PORTA_DATA_R
                               EQU              0x400043FC
   23 00000000 40008008 
                       SSI0_DR_R
                               EQU              0x40008008
   24 00000000 4000800C 
                       SSI0_SR_R
                               EQU              0x4000800C
   25 00000000         
   26 00000000                 EXPORT           writecommand
   27 00000000                 EXPORT           writedata
   28 00000000         
   29 00000000                 AREA             |.text|, CODE, READONLY, ALIGN=
2
   30 00000000                 THUMB
   31 00000000                 ALIGN
   32 00000000         
   33 00000000         ; The Data/Command pin must be valid when the eighth bit
                        is
   34 00000000         ; sent.  The SSI module has hardware input and output FI
                       FOs
   35 00000000         ; that are 8 locations deep.  Based on the observation t
                       hat
   36 00000000         ; the LCD interface tends to send a few commands and the
                       n a
   37 00000000         ; lot of data, the FIFOs are not used when writing
   38 00000000         ; commands, and they are used when writing data.  This
   39 00000000         ; ensures that the Data/Command pin status matches the b
                       yte
   40 00000000         ; that is actually being transmitted.
   41 00000000         ; The write command operation waits until all data has b
                       een
   42 00000000         ; sent, configures the Data/Command pin for commands, se
                       nds



ARM Macro Assembler    Page 2 


   43 00000000         ; the command, and then waits for the transmission to
   44 00000000         ; finish.
   45 00000000         ; The write data operation waits until there is room in 
                       the
   46 00000000         ; transmit FIFO, configures the Data/Command pin for dat
                       a,
   47 00000000         ; and then adds the data to the transmit FIFO.
   48 00000000         ; NOTE: These functions will crash or stall indefinitely
                        if
   49 00000000         ; the SSI0 module is not initialized and enabled.
   50 00000000         
   51 00000000         ; This is a helper function that sends an 8-bit command 
                       to the LCD.
   52 00000000         ; Input: R0  8-bit command to transmit
   53 00000000         ; Output: none
   54 00000000         ; Assumes: SSI0 and port A have already been initialized
                        and enabled
   55 00000000         writecommand
   56 00000000         ;; --UUU-- Code to write a command to the LCD
   57 00000000         ;1) Read SSI0_SR_R and check bit 4, 
   58 00000000         ;2) If bit 4 is high, loop back to step 1 (wait for BUSY
                        bit to be low)
   59 00000000         ;3) Clear D/C=PA6 to zero
   60 00000000         ;4) Write the command to SSI0_DR_R
   61 00000000         ;5) Read SSI0_SR_R and check bit 4, 
   62 00000000         ;6) If bit 4 is high, loop back to step 5 (wait for BUSY
                        bit to be low)
   63 00000000         
   64 00000000         CommandHigh1
   65 00000000 4913            LDR              R1, =SSI0_SR_R ;read SR
   66 00000002 6809            LDR              R1, [R1]
   67 00000004 F001 0110       AND              R1, R1, #0x10
   68 00000008 EA4F 1111       LSR              R1, R1, #4  ;isolate bit 4
   69 0000000C 2901            CMP              R1, #1      ;check bit 4
   70 0000000E D0F7            BEQ              CommandHigh1 ;wait for 0
   71 00000010         
   72 00000010 4910            LDR              R1, =GPIO_PORTA_DATA_R
   73 00000012 680A            LDR              R2, [R1]
   74 00000014 F022 0240       BIC              R2, #0x40   ;clear DC pa6
   75 00000018 600A            STR              R2, [R1]
   76 0000001A         
   77 0000001A 490F            LDR              R1, =SSI0_DR_R
   78 0000001C 6008            STR              R0, [R1]    ;write command
   79 0000001E         
   80 0000001E         CommandHigh2
   81 0000001E 490C            LDR              R1, =SSI0_SR_R ;read SR
   82 00000020 6809            LDR              R1, [R1]
   83 00000022 F001 0110       AND              R1, R1, #0x10
   84 00000026 EA4F 1111       LSR              R1, R1, #4  ;isolate bit 4
   85 0000002A 2901            CMP              R1, #1      ;check bit 4
   86 0000002C D0F7            BEQ              CommandHigh2 ;wait for 0
   87 0000002E         
   88 0000002E 4770            BX               LR          ;   return
   89 00000030         
   90 00000030         ; This is a helper function that sends an 8-bit data to 
                       the LCD.
   91 00000030         ; Input: R0  8-bit data to transmit
   92 00000030         ; Output: none
   93 00000030         ; Assumes: SSI0 and port A have already been initialized



ARM Macro Assembler    Page 3 


                        and enabled
   94 00000030         writedata
   95 00000030         ;; --UUU-- Code to write data to the LCD
   96 00000030         ;1) Read SSI0_SR_R and check bit 1, 
   97 00000030         ;2) If bit 1 is low loop back to step 1 (wait for TNF bi
                       t to be high)
   98 00000030         ;3) Set D/C=PA6 to one
   99 00000030         ;4) Write the 8-bit data to SSI0_DR_R
  100 00000030         
  101 00000030         FIFOLow
  102 00000030 4907            LDR              R1, =SSI0_SR_R
  103 00000032 6809            LDR              R1, [R1]
  104 00000034 F001 0102       AND              R1, R1, #0x02
  105 00000038 EA4F 0151       LSR              R1, R1, #1
  106 0000003C 2900            CMP              R1, #0
  107 0000003E D0F7            BEQ              FIFOLow     ;check bit 1 loop
  108 00000040         
  109 00000040 4904            LDR              R1, =GPIO_PORTA_DATA_R
  110 00000042 680A            LDR              R2, [R1]
  111 00000044 F042 0240       ORR              R2, #0x40   ;set DC pa6
  112 00000048 600A            STR              R2, [R1]
  113 0000004A         
  114 0000004A 4903            LDR              R1, =SSI0_DR_R
  115 0000004C 6008            STR              R0, [R1]    ;write command
  116 0000004E         
  117 0000004E 4770            BX               LR          ;   return
  118 00000050         
  119 00000050         
  120 00000050         
  121 00000050         
  122 00000050                 ALIGN                        ; make sure the end
                                                             of this section is
                                                             aligned
  123 00000050                 END                          ; end of file
              4000800C 
              400043FC 
              40008008 
Command Line: --debug --xref --diag_suppress=9931 --cpu=Cortex-M4 --apcs=interw
ork --depend=.\lcd.d -o.\lcd.o -I.\RTE\_Lab7 -IC:\Users\safin\AppData\Local\Arm
\Packs\ARM\CMSIS\5.8.0\CMSIS\Core\Include -IC:\Users\safin\AppData\Local\Arm\Pa
cks\Keil\TM4C_DFP\1.1.0\Device\Include\TM4C123 --predefine="__EVAL SETA 1" --pr
edefine="__MICROLIB SETA 1" --predefine="__UVISION_VERSION SETA 536" --predefin
e="_RTE_ SETA 1" --predefine="TM4C123GH6PM SETA 1" --predefine="_RTE_ SETA 1" -
-list=.\lcd.lst LCD.s



ARM Macro Assembler    Page 1 Alphabetic symbol ordering
Relocatable symbols

.text 00000000

Symbol: .text
   Definitions
      At line 29 in file LCD.s
   Uses
      None
Comment: .text unused
CommandHigh1 00000000

Symbol: CommandHigh1
   Definitions
      At line 64 in file LCD.s
   Uses
      At line 70 in file LCD.s
Comment: CommandHigh1 used once
CommandHigh2 0000001E

Symbol: CommandHigh2
   Definitions
      At line 80 in file LCD.s
   Uses
      At line 86 in file LCD.s
Comment: CommandHigh2 used once
FIFOLow 00000030

Symbol: FIFOLow
   Definitions
      At line 101 in file LCD.s
   Uses
      At line 107 in file LCD.s
Comment: FIFOLow used once
writecommand 00000000

Symbol: writecommand
   Definitions
      At line 55 in file LCD.s
   Uses
      At line 26 in file LCD.s
Comment: writecommand used once
writedata 00000030

Symbol: writedata
   Definitions
      At line 94 in file LCD.s
   Uses
      At line 27 in file LCD.s
Comment: writedata used once
6 symbols



ARM Macro Assembler    Page 1 Alphabetic symbol ordering
Absolute symbols

GPIO_PORTA_DATA_R 400043FC

Symbol: GPIO_PORTA_DATA_R
   Definitions
      At line 22 in file LCD.s
   Uses
      At line 72 in file LCD.s
      At line 109 in file LCD.s

SSI0_DR_R 40008008

Symbol: SSI0_DR_R
   Definitions
      At line 23 in file LCD.s
   Uses
      At line 77 in file LCD.s
      At line 114 in file LCD.s

SSI0_SR_R 4000800C

Symbol: SSI0_SR_R
   Definitions
      At line 24 in file LCD.s
   Uses
      At line 65 in file LCD.s
      At line 81 in file LCD.s
      At line 102 in file LCD.s

3 symbols
346 symbols in table
