


ARM Macro Assembler    Page 1 


    1 00000000         ; Print.s
    2 00000000         ; Student names: Safin, Alexa
    3 00000000         ; Last modification date: change this to the last modifi
                       cation date or look very silly
    4 00000000         ; Runs on TM4C123
    5 00000000         ; EE319K lab 7 device driver for any LCD
    6 00000000         ;
    7 00000000         ; As part of Lab 7, students need to implement these LCD
                       _OutDec and LCD_OutFix
    8 00000000         ; This driver assumes two low-level LCD functions
    9 00000000         ; ST7735_OutChar   outputs a single 8-bit ASCII characte
                       r
   10 00000000         ; ST7735_OutString outputs a null-terminated string 
   11 00000000         
   12 00000000 00000000 
                       sum     EQU              0           ;32-bit local varia
                                                            ble, stored on the 
                                                            stack
   13 00000000 00000004 
                       i       EQU              4           ;32-bit local varia
                                                            ble, stored on the 
                                                            stack
   14 00000000         
   15 00000000                 IMPORT           ST7735_OutChar
   16 00000000                 IMPORT           ST7735_OutString
   17 00000000                 EXPORT           LCD_OutDec
   18 00000000                 EXPORT           LCD_OutFix
   19 00000000         
   20 00000000                 AREA             |.text|, CODE, READONLY, ALIGN=
2
   21 00000000                 THUMB
   22 00000000         
   23 00000000         
   24 00000000         
   25 00000000         ;-----------------------LCD_OutDec----------------------
                       -
   26 00000000         ; Output a 32-bit number in unsigned decimal format
   27 00000000         ; Input: R0 (call by value) 32-bit unsigned number
   28 00000000         ; Output: none
   29 00000000         ; Invariables: This function must not permanently modify
                        registers R4 to R11
   30 00000000         ; R0=0,    then output "0"
   31 00000000         ; R0=3,    then output "3"
   32 00000000         ; R0=89,   then output "89"
   33 00000000         ; R0=123,  then output "123"
   34 00000000         ; R0=9999, then output "9999"
   35 00000000         ; R0=4294967295, then output "4294967295"
   36 00000000         LCD_OutDec
   37 00000000 B501            PUSH             {LR, R0}
   38 00000002         
   39 00000002 B082            SUB              SP, #8      ;Allocation
   40 00000004         
   41 00000004 280A            CMP              R0, #10
   42 00000006 D30F            BLO              baseOutDec
   43 00000008         
   44 00000008 F04F 030A       MOV              R3, #10
   45 0000000C FBB0 F2F3       UDIV             R2, R0, R3  ;R2 = R0/10
   46 00000010 FB02 0113       MLS              R1, R2, R3, R0 ;R1 = R0 - R2*R3
                                                             (remainder)



ARM Macro Assembler    Page 2 


   47 00000014 4610            MOV              R0, R2      ;new R0
   48 00000016 9100            STR              R1, [SP, #sum] ;new input store
                                                            d in stack
   49 00000018 F7FF FFFE       BL               LCD_OutDec  ;start over
   50 0000001C         
   51 0000001C 9800            LDR              R0, [SP, #sum] ;last digit load
                                                             from stack
   52 0000001E F100 0030       ADD              R0, #48     ;convert to ascii
   53 00000022 F7FF FFFE       BL               ST7735_OutChar ;print ascii
   54 00000026 E003            B                finish_dec  ;output character
   55 00000028         
   56 00000028         baseOutDec
   57 00000028 F100 0030       ADD              R0, #48
   58 0000002C F7FF FFFE       BL               ST7735_OutChar ;print ascii (si
                                                            ngle digit)
   59 00000030         
   60 00000030         finish_dec
   61 00000030         
   62 00000030 B002            ADD              SP, #8      ;Deallocation
   63 00000032         
   64 00000032 E8BD 4001       POP              {LR, R0}
   65 00000036         
   66 00000036 4770            BX               LR
   67 00000038         ;* * * * * * * * End of LCD_OutDec * * * * * * * *
   68 00000038         
   69 00000038         
   70 00000038         ;divide by 10s for decimal, adjust to asci with offset
   71 00000038         
   72 00000038         
   73 00000038         
   74 00000038         ; -----------------------LCD _OutFix--------------------
                       --
   75 00000038         ; Output characters to LCD display in fixed-point format
                       
   76 00000038         ; unsigned decimal, resolution 0.001, range 0.000 to 9.9
                       99
   77 00000038         ; Inputs:  R0 is an unsigned 32-bit number
   78 00000038         ; Outputs: none
   79 00000038         ; E.g., R0=0,    then output "0.000"
   80 00000038         ;       R0=3,    then output "0.003"
   81 00000038         ;       R0=89,   then output "0.089"
   82 00000038         ;       R0=123,  then output "0.123"
   83 00000038         ;       R0=9999, then output "9.999"
   84 00000038         ;       R0>9999, then output "*.***"
   85 00000038         ; Invariables: This function must not permanently modify
                        registers R4 to R11
   86 00000038         LCD_OutFix
   87 00000038         
   88 00000038 F04F 0100       MOV              R1, #0      ;digit counter init
                                                            ialize
   89 0000003C         
   90 0000003C         OutFix
   91 0000003C         
   92 0000003C B510            PUSH             {R4, LR}
   93 0000003E         
   94 0000003E B082            SUB              SP, #8      ;Allocation
   95 00000040         
   96 00000040 F242 7410       MOV              R4, #10000
   97 00000044 42A0            CMP              R0, R4



ARM Macro Assembler    Page 3 


   98 00000046 D21B            BHS              Asterisk    ;check to see if to
                                                            o big
   99 00000048         
  100 00000048 2904            CMP              R1, #4      ;digits/character c
                                                            ounter, if 4 digits
                                                             printed, done
  101 0000004A D02D            BEQ              finish_fix
  102 0000004C         
  103 0000004C F04F 030A       MOV              R3, #10
  104 00000050 FBB0 F2F3       UDIV             R2, R0, R3  ;R2 = R0/10
  105 00000054 FB02 0413       MLS              R4, R2, R3, R0 ;R4 = R0 - R2*R3
                                                            
  106 00000058 4610            MOV              R0, R2      ;new R0
  107 0000005A 9400            STR              R4, [SP, #sum] ;new input store
                                                            d in stack
  108 0000005C 9101            STR              R1, [SP, #i] ;digit counter sto
                                                            red in stack
  109 0000005E F101 0101       ADD              R1, #1      ;+1 digit ptint
  110 00000062 F7FF FFEB       BL               OutFix
  111 00000066         
  112 00000066 9800            LDR              R0, [SP, #sum] ;load digit
  113 00000068 F100 0030       ADD              R0, #48     ;convert to ascii
  114 0000006C F7FF FFFE       BL               ST7735_OutChar ;print
  115 00000070         
  116 00000070 9901            LDR              R1, [SP, #i] ;load content from
                                                             stack
  117 00000072 2903            CMP              R1, #3      ;decimal counter
  118 00000074 D118            BNE              finish_fix  ;leave
  119 00000076         
  120 00000076 F04F 002E       MOV              R0, #46     ;ascii for period(.
                                                            )
  121 0000007A F7FF FFFE       BL               ST7735_OutChar
  122 0000007E E013            B                finish_fix  ;leave
  123 00000080         
  124 00000080         Asterisk
  125 00000080         
  126 00000080 F04F 002A       MOV              R0, #42
  127 00000084 F7FF FFFE       BL               ST7735_OutChar ;(*).***
  128 00000088 F04F 002E       MOV              R0, #46
  129 0000008C F7FF FFFE       BL               ST7735_OutChar ;*(.)***
  130 00000090 F04F 002A       MOV              R0, #42
  131 00000094 F7FF FFFE       BL               ST7735_OutChar ;*.(*)**
  132 00000098 F04F 002A       MOV              R0, #42
  133 0000009C F7FF FFFE       BL               ST7735_OutChar ;*.*(*)*
  134 000000A0 F04F 002A       MOV              R0, #42
  135 000000A4 F7FF FFFE       BL               ST7735_OutChar ;*.**(*)
  136 000000A8         
  137 000000A8         finish_fix
  138 000000A8         
  139 000000A8 B002            ADD              SP, #8      ;Deallocation
  140 000000AA         
  141 000000AA         
  142 000000AA E8BD 4010       POP              {R4, LR}
  143 000000AE         
  144 000000AE         
  145 000000AE 4770            BX               LR
  146 000000B0         
  147 000000B0                 ALIGN
  148 000000B0         ;* * * * * * * * End of LCD_OutFix * * * * * * * *



ARM Macro Assembler    Page 4 


  149 000000B0         
  150 000000B0         
  151 000000B0         
  152 000000B0         
  153 000000B0                 ALIGN                        ; make sure the end
                                                             of this section is
                                                             aligned
  154 000000B0                 END                          ; end of file
Command Line: --debug --xref --diag_suppress=9931 --cpu=Cortex-M4 --apcs=interw
ork --depend=.\print.d -o.\print.o -I.\RTE\_Lab7 -IC:\Users\safin\AppData\Local
\Arm\Packs\ARM\CMSIS\5.8.0\CMSIS\Core\Include -IC:\Users\safin\AppData\Local\Ar
m\Packs\Keil\TM4C_DFP\1.1.0\Device\Include\TM4C123 --predefine="__EVAL SETA 1" 
--predefine="__MICROLIB SETA 1" --predefine="__UVISION_VERSION SETA 536" --pred
efine="_RTE_ SETA 1" --predefine="TM4C123GH6PM SETA 1" --predefine="_RTE_ SETA 
1" --list=.\print.lst Print.s



ARM Macro Assembler    Page 1 Alphabetic symbol ordering
Relocatable symbols

.text 00000000

Symbol: .text
   Definitions
      At line 20 in file Print.s
   Uses
      None
Comment: .text unused
Asterisk 00000080

Symbol: Asterisk
   Definitions
      At line 124 in file Print.s
   Uses
      At line 98 in file Print.s
Comment: Asterisk used once
LCD_OutDec 00000000

Symbol: LCD_OutDec
   Definitions
      At line 36 in file Print.s
   Uses
      At line 17 in file Print.s
      At line 49 in file Print.s

LCD_OutFix 00000038

Symbol: LCD_OutFix
   Definitions
      At line 86 in file Print.s
   Uses
      At line 18 in file Print.s
Comment: LCD_OutFix used once
OutFix 0000003C

Symbol: OutFix
   Definitions
      At line 90 in file Print.s
   Uses
      At line 110 in file Print.s
Comment: OutFix used once
baseOutDec 00000028

Symbol: baseOutDec
   Definitions
      At line 56 in file Print.s
   Uses
      At line 42 in file Print.s
Comment: baseOutDec used once
finish_dec 00000030

Symbol: finish_dec
   Definitions
      At line 60 in file Print.s
   Uses
      At line 54 in file Print.s
Comment: finish_dec used once
finish_fix 000000A8




ARM Macro Assembler    Page 2 Alphabetic symbol ordering
Relocatable symbols

Symbol: finish_fix
   Definitions
      At line 137 in file Print.s
   Uses
      At line 101 in file Print.s
      At line 118 in file Print.s
      At line 122 in file Print.s

8 symbols



ARM Macro Assembler    Page 1 Alphabetic symbol ordering
Absolute symbols

i 00000004

Symbol: i
   Definitions
      At line 13 in file Print.s
   Uses
      At line 108 in file Print.s
      At line 116 in file Print.s

sum 00000000

Symbol: sum
   Definitions
      At line 12 in file Print.s
   Uses
      At line 48 in file Print.s
      At line 51 in file Print.s
      At line 107 in file Print.s
      At line 112 in file Print.s

2 symbols



ARM Macro Assembler    Page 1 Alphabetic symbol ordering
External symbols

ST7735_OutChar 00000000

Symbol: ST7735_OutChar
   Definitions
      At line 15 in file Print.s
   Uses
      At line 53 in file Print.s
      At line 58 in file Print.s
      At line 114 in file Print.s
      At line 121 in file Print.s
      At line 127 in file Print.s
      At line 129 in file Print.s
      At line 131 in file Print.s
      At line 133 in file Print.s
      At line 135 in file Print.s

ST7735_OutString 00000000

Symbol: ST7735_OutString
   Definitions
      At line 16 in file Print.s
   Uses
      None
Comment: ST7735_OutString unused
2 symbols
347 symbols in table
